<?xml version="1.0" encoding="UTF-8"?>
<!-- Generated by org.testng.reporters.JUnitXMLReporter -->
<testsuite ignored="1" hostname="DHAMO" failures="0" tests="2" name="testCases" time="89.834" errors="0" timestamp="2024-09-26T20:02:15 IST">
  <testcase classname="testCases.TS_002.TS_002_Set1" name="login" time="57.015"/>
  <testcase classname="testCases.TC_RF_001" name="register" time="16.278"/>
  <testcase classname="BaseClasses.BaseClass" name="@BeforeSuite beforeSuit" time="0.0">
    <ignored/>
  </testcase> <!-- @BeforeSuite beforeSuit -->
</testsuite> <!-- testCases -->
