<?xml version="1.0" encoding="UTF-8"?>
<testng-results ignored="0" total="2" passed="2" failed="0" skipped="0">
  <reporter-output>
  </reporter-output>
  <suite started-at="2024-09-26T20:00:44 IST" name="All Test Suite" finished-at="2024-09-26T20:02:14 IST" duration-ms="89834">
    <groups>
    </groups>
    <test started-at="2024-09-26T20:00:44 IST" name="testCases" finished-at="2024-09-26T20:02:14 IST" duration-ms="89834">
      <class name="testCases.TC_RF_001">
        <test-method is-config="true" signature="setUp()[pri:0, instance:testCases.TC_RF_001@71b1176b]" started-at="2024-09-26T20:01:49 IST" name="setUp" finished-at="2024-09-26T20:01:57 IST" duration-ms="7824" status="PASS">
          <reporter-output>
          </reporter-output>
        </test-method> <!-- setUp -->
        <test-method signature="register()[pri:0, instance:testCases.TC_RF_001@71b1176b]" started-at="2024-09-26T20:01:57 IST" name="register" finished-at="2024-09-26T20:02:13 IST" duration-ms="16278" status="PASS">
          <reporter-output>
          </reporter-output>
        </test-method> <!-- register -->
        <test-method is-config="true" signature="tearDown()[pri:0, instance:testCases.TC_RF_001@71b1176b]" started-at="2024-09-26T20:02:13 IST" name="tearDown" finished-at="2024-09-26T20:02:14 IST" duration-ms="186" status="PASS">
          <reporter-output>
          </reporter-output>
        </test-method> <!-- tearDown -->
      </class> <!-- testCases.TC_RF_001 -->
      <class name="testCases.TS_002.TS_002_Set1">
        <test-method is-config="true" signature="beforeSuit()[pri:0, instance:testCases.TS_002.TS_002_Set1@163e4e87]" started-at="2024-09-26T20:00:44 IST" name="beforeSuit" finished-at="2024-09-26T20:00:44 IST" duration-ms="13" status="PASS">
          <reporter-output>
          </reporter-output>
        </test-method> <!-- beforeSuit -->
        <test-method is-config="true" signature="setUp()[pri:0, instance:testCases.TS_002.TS_002_Set1@163e4e87]" started-at="2024-09-26T20:00:44 IST" name="setUp" finished-at="2024-09-26T20:00:52 IST" duration-ms="7951" status="PASS">
          <reporter-output>
          </reporter-output>
        </test-method> <!-- setUp -->
        <test-method signature="login()[pri:0, instance:testCases.TS_002.TS_002_Set1@163e4e87]" started-at="2024-09-26T20:00:52 IST" name="login" finished-at="2024-09-26T20:01:49 IST" duration-ms="57015" status="PASS">
          <reporter-output>
          </reporter-output>
        </test-method> <!-- login -->
        <test-method is-config="true" signature="tearDown()[pri:0, instance:testCases.TS_002.TS_002_Set1@163e4e87]" started-at="2024-09-26T20:01:49 IST" name="tearDown" finished-at="2024-09-26T20:01:49 IST" duration-ms="241" status="PASS">
          <reporter-output>
          </reporter-output>
        </test-method> <!-- tearDown -->
      </class> <!-- testCases.TS_002.TS_002_Set1 -->
    </test> <!-- testCases -->
  </suite> <!-- All Test Suite -->
</testng-results>
